TN:
SF:src/FeeManager.sol
FN:20,FeeManager.__FeeManager_init
FNDA:11,FeeManager.__FeeManager_init
DA:21,11
DA:22,11
DA:24,11
FN:27,FeeManager.__FeeManager_init_unchained
FNDA:11,FeeManager.__FeeManager_init_unchained
FN:30,FeeManager.getTreasury
FNDA:259,FeeManager.getTreasury
DA:31,259
FN:35,FeeManager.getStrategyActionFee
FNDA:259,FeeManager.getStrategyActionFee
DA:36,1558
FN:40,FeeManager.setTreasury
FNDA:518,FeeManager.setTreasury
DA:41,259
DA:42,259
FN:46,FeeManager.setStrategyActionFee
FNDA:1557,FeeManager.setStrategyActionFee
DA:51,1298
BRDA:51,0,0,259
DA:52,259
DA:55,1039
DA:56,1039
FN:60,FeeManager._chargeStrategyFee
FNDA:1299,FeeManager._chargeStrategyFee
DA:65,1299
DA:68,1299
DA:69,1299
FNF:7
FNH:7
LF:14
LH:14
BRF:1
BRH:1
end_of_record
TN:
SF:src/LeverageManager.sol
FN:22,LeverageManager.initialize
FNDA:32,LeverageManager.initialize
DA:23,32
FN:26,LeverageManager._authorizeUpgrade
FNDA:0,LeverageManager._authorizeUpgrade
FN:29,LeverageManager.getStrategyConfig
FNDA:0,LeverageManager.getStrategyConfig
DA:30,0
FN:34,LeverageManager.getStrategyCore
FNDA:518,LeverageManager.getStrategyCore
DA:35,518
FN:39,LeverageManager.getStrategyLendingAdapter
FNDA:1561,LeverageManager.getStrategyLendingAdapter
DA:40,2601
FN:44,LeverageManager.getStrategyCollateralRatios
FNDA:256,LeverageManager.getStrategyCollateralRatios
DA:49,256
FN:53,LeverageManager.getStrategyCollateralCap
FNDA:259,LeverageManager.getStrategyCollateralCap
DA:54,519
FN:58,LeverageManager.getTotalStrategyShares
FNDA:777,LeverageManager.getTotalStrategyShares
DA:59,1557
FN:63,LeverageManager.getUserStrategyShares
FNDA:777,LeverageManager.getUserStrategyShares
DA:64,777
FN:68,LeverageManager.getStrategyEquityInDebtAsset
FNDA:0,LeverageManager.getStrategyEquityInDebtAsset
DA:69,780
FN:73,LeverageManager.getStrategyCollateralAsset
FNDA:259,LeverageManager.getStrategyCollateralAsset
DA:74,2596
FN:78,LeverageManager.getStrategyDebtAsset
FNDA:259,LeverageManager.getStrategyDebtAsset
DA:79,260
FN:83,LeverageManager.getStrategyTargetCollateralRatio
FNDA:256,LeverageManager.getStrategyTargetCollateralRatio
DA:84,517
FN:88,LeverageManager.setStrategyLendingAdapter
FNDA:0,LeverageManager.setStrategyLendingAdapter
DA:89,0
DA:90,0
FN:94,LeverageManager.setStrategyCore
FNDA:2854,LeverageManager.setStrategyCore
DA:96,2336
BRDA:96,0,0,518
DA:97,518
DA:101,1818
BRDA:101,1,0,779
DA:102,779
DA:105,1039
DA:106,1039
FN:110,LeverageManager.setStrategyCollateralRatios
FNDA:1035,LeverageManager.setStrategyCollateralRatios
DA:115,776
DA:116,776
BRDA:116,2,0,259
DA:117,259
DA:120,517
DA:121,517
FN:125,LeverageManager.setStrategyCollateralCap
FNDA:780,LeverageManager.setStrategyCollateralCap
DA:126,521
DA:127,521
FN:131,LeverageManager.deposit
FNDA:260,LeverageManager.deposit
DA:136,260
DA:138,260
DA:139,260
DA:141,260
BRDA:141,3,0,259
DA:142,259
DA:146,1
DA:149,1
DA:152,1
DA:153,1
DA:156,1
DA:157,1
DA:160,1
DA:161,1
FN:165,LeverageManager._calculateDebtAndShares
FNDA:261,LeverageManager._calculateDebtAndShares
DA:171,261
DA:173,261
DA:178,261
DA:179,261
DA:181,261
FN:184,LeverageManager._chargeStrategyFeeAndMintShares
FNDA:519,LeverageManager._chargeStrategyFeeAndMintShares
DA:189,519
DA:192,519
BRDA:192,4,0,259
DA:193,259
DA:196,260
DA:197,260
FN:200,LeverageManager._mintShares
FNDA:1557,LeverageManager._mintShares
DA:201,1557
DA:202,1557
DA:203,1557
DA:205,1557
FN:214,LeverageManager._convertToShares
FNDA:780,LeverageManager._convertToShares
DA:215,780
FN:223,LeverageManager._decimalsOffset
FNDA:780,LeverageManager._decimalsOffset
DA:224,780
FNF:23
FNH:19
LF:56
LH:53
BRF:5
BRH:5
end_of_record
TN:
SF:src/storage/FeeManagerStorage.sol
FN:16,FeeManagerStorage.layout
FNDA:3115,FeeManagerStorage.layout
DA:19,3115
FNF:1
FNH:1
LF:1
LH:1
BRF:0
BRH:0
end_of_record
TN:
SF:src/storage/LeverageManagerStorage.sol
FN:50,LeverageManagerStorage.layout
FNDA:13235,LeverageManagerStorage.layout
DA:53,13235
FNF:1
FNH:1
LF:1
LH:1
BRF:0
BRH:0
end_of_record
TN:
SF:test/unit/FeeManager/harness/FeeManagerHarness.sol
FN:9,FeeManagerHarness.exposed_chargeStrategyFee
FNDA:780,FeeManagerHarness.exposed_chargeStrategyFee
DA:13,780
FNF:1
FNH:1
LF:1
LH:1
BRF:0
BRH:0
end_of_record
TN:
SF:test/unit/LeverageManager/harness/LeverageManagerHarness.sol
FN:10,LeverageManagerHarness.exposed_calculateDebtAndShares
FNDA:260,LeverageManagerHarness.exposed_calculateDebtAndShares
DA:15,260
FN:18,LeverageManagerHarness.exposed_chargeStrategyFeeAndMintShares
FNDA:518,LeverageManagerHarness.exposed_chargeStrategyFeeAndMintShares
DA:24,518
FN:27,LeverageManagerHarness.exposed_convertToShares
FNDA:519,LeverageManagerHarness.exposed_convertToShares
DA:28,519
FN:31,LeverageManagerHarness.exposed_mintShares
FNDA:1297,LeverageManagerHarness.exposed_mintShares
DA:32,1297
FNF:4
FNH:4
LF:4
LH:4
BRF:0
BRH:0
end_of_record
